          /\      |‾‾| /‾‾/   /‾‾/
     /\  /  \     |  |/  /   /  /
    /  \/    \    |     (   /   ‾‾\
   /          \   |  |\  \ |  (‾)  |
  / __________ \  |__| \__\ \_____/ .io

     execution: local
        script: helloK6.js
        output: -

     scenarios: (100.00%) 1 scenario, 1 max VUs, 10m30s max duration (incl. graceful stop):
              * default: 1 iterations for each of 1 VUs (maxDuration: 10m0s, gracefulStop: 30s)


     data_received..................: 17 kB 62 kB/s
     data_sent......................: 546 B 1.9 kB/s
     http_req_blocked...............: avg=83.52ms  min=52.55ms  med=83.52ms  max=114.5ms  p(90)=108.3ms  p(95)=111.4ms
     http_req_connecting............: avg=48.76ms  min=47.04ms  med=48.76ms  max=50.49ms  p(90)=50.15ms  p(95)=50.32ms
     http_req_duration..............: avg=56.98ms  min=54.74ms  med=56.98ms  max=59.22ms  p(90)=58.77ms  p(95)=59ms
       { expected_response:true }...: avg=56.98ms  min=54.74ms  med=56.98ms  max=59.22ms  p(90)=58.77ms  p(95)=59ms
     http_req_failed................: 0.00% ✓ 0        ✗ 2
     http_req_receiving.............: avg=96µs     min=88µs     med=96µs     max=104µs    p(90)=102.4µs  p(95)=103.2µs
     http_req_sending...............: avg=73µs     min=63µs     med=73µs     max=83µs     p(90)=81µs     p(95)=82µs
     http_req_tls_handshaking.......: avg=33.7ms   min=0s       med=33.7ms   max=67.41ms  p(90)=60.67ms  p(95)=64.04ms
     http_req_waiting...............: avg=56.81ms  min=54.57ms  med=56.81ms  max=59.05ms  p(90)=58.61ms  p(95)=58.83ms
     http_reqs......................: 2     7.103383/s
     iteration_duration.............: avg=281.45ms min=281.45ms med=281.45ms max=281.45ms p(90)=281.45ms p(95)=281.45ms
     iterations.....................: 1     3.551691/s


running (00m00.3s), 0/1 VUs, 1 complete and 0 interrupted iterations
default ✓ [ 100% ] 1 VUs  00m00.3s/10m0s  1/1 iters, 1 per VUtions
default ✓ [ 100% ] 1 VUs  00m00.3s/10m0s  1/1 iters, 1 per VU
